[0910/140014.826:ERROR:process_memory_win.cc(73)] ReadMemory at 0x7ff6d8c40000 of 64 bytes failed: Only part of a ReadProcessMemory or WriteProcessMemory request was completed. (0x12B)
[0910/140014.828:WARNING:pe_image_reader.cc(340)] could not read dos header from C:\Program Files (x86)\Google\Chrome\Application\chrome.exe
[0910/140014.828:ERROR:process_memory_win.cc(73)] ReadMemory at 0x7ff8b3060000 of 64 bytes failed: Only part of a ReadProcessMemory or WriteProcessMemory request was completed. (0x12B)
[0910/140014.829:WARNING:pe_image_reader.cc(340)] could not read dos header from C:\Windows\SYSTEM32\ntdll.dll
[0910/140014.829:ERROR:process_memory_win.cc(73)] ReadMemory at 0x7ff8b1b50000 of 64 bytes failed: Only part of a ReadProcessMemory or WriteProcessMemory request was completed. (0x12B)
[0910/140014.829:WARNING:pe_image_reader.cc(340)] could not read dos header from C:\Windows\System32\KERNEL32.DLL
[0910/140014.829:ERROR:process_memory_win.cc(73)] ReadMemory at 0x7ff8affe0000 of 64 bytes failed: Only part of a ReadProcessMemory or WriteProcessMemory request was completed. (0x12B)
[0910/140014.829:WARNING:pe_image_reader.cc(340)] could not read dos header from C:\Windows\System32\KERNELBASE.dll
[0910/140014.829:ERROR:process_memory_win.cc(73)] ReadMemory at 0x7ff891650000 of 64 bytes failed: Only part of a ReadProcessMemory or WriteProcessMemory request was completed. (0x12B)
[0910/140014.829:WARNING:pe_image_reader.cc(340)] could not read dos header from C:\Program Files (x86)\Google\Chrome\Application\85.0.4183.83\chrome_elf.dll
[0910/140014.829:ERROR:process_memory_win.cc(73)] ReadMemory at 0x7ff8a69d0000 of 64 bytes failed: Only part of a ReadProcessMemory or WriteProcessMemory request was completed. (0x12B)
[0910/140014.829:WARNING:pe_image_reader.cc(340)] could not read dos header from C:\Windows\SYSTEM32\VERSION.dll
[0910/140014.829:ERROR:process_memory_win.cc(73)] ReadMemory at 0x7ff8b1110000 of 64 bytes failed: Only part of a ReadProcessMemory or WriteProcessMemory request was completed. (0x12B)
[0910/140014.829:WARNING:pe_image_reader.cc(340)] could not read dos header from C:\Windows\System32\msvcrt.dll
[0910/140014.829:ERROR:process_memory_win.cc(73)] ReadMemory at 0x7ff8b02f0000 of 64 bytes failed: Only part of a ReadProcessMemory or WriteProcessMemory request was completed. (0x12B)
[0910/140014.829:WARNING:pe_image_reader.cc(340)] could not read dos header from C:\Windows\System32\bcryptPrimitives.dll
[0910/140014.829:ERROR:process_memory_win.cc(73)] ReadMemory at 0x7ff8b11b0000 of 64 bytes failed: Only part of a ReadProcessMemory or WriteProcessMemory request was completed. (0x12B)
[0910/140014.829:WARNING:pe_image_reader.cc(340)] could not read dos header from C:\Windows\System32\ADVAPI32.dll
[0910/140014.829:ERROR:process_memory_win.cc(73)] ReadMemory at 0x7ff8b2e20000 of 64 bytes failed: Only part of a ReadProcessMemory or WriteProcessMemory request was completed. (0x12B)
[0910/140014.829:WARNING:pe_image_reader.cc(340)] could not read dos header from C:\Windows\System32\sechost.dll
[0910/140014.829:ERROR:process_memory_win.cc(73)] ReadMemory at 0x7ff8b16c0000 of 64 bytes failed: Only part of a ReadProcessMemory or WriteProcessMemory request was completed. (0x12B)
[0910/140014.829:WARNING:pe_image_reader.cc(340)] could not read dos header from C:\Windows\System32\RPCRT4.dll
[0910/140014.829:ERROR:process_memory_win.cc(73)] ReadMemory at 0x7ff850790000 of 64 bytes failed: Only part of a ReadProcessMemory or WriteProcessMemory request was completed. (0x12B)
[0910/140014.829:WARNING:pe_image_reader.cc(340)] could not read dos header from C:\Program Files (x86)\Google\Chrome\Application\85.0.4183.83\chrome.dll
[0910/140014.829:ERROR:process_memory_win.cc(73)] ReadMemory at 0x7ff8b15b0000 of 64 bytes failed: Only part of a ReadProcessMemory or WriteProcessMemory request was completed. (0x12B)
[0910/140014.830:WARNING:pe_image_reader.cc(340)] could not read dos header from C:\Windows\System32\WS2_32.dll
[0910/140014.830:ERROR:process_memory_win.cc(73)] ReadMemory at 0x7ff8b2000000 of 64 bytes failed: Only part of a ReadProcessMemory or WriteProcessMemory request was completed. (0x12B)
[0910/140014.830:WARNING:pe_image_reader.cc(340)] could not read dos header from C:\Windows\System32\OLEAUT32.dll
[0910/140014.830:ERROR:process_memory_win.cc(73)] ReadMemory at 0x7ff8b08b0000 of 64 bytes failed: Only part of a ReadProcessMemory or WriteProcessMemory request was completed. (0x12B)
[0910/140014.830:WARNING:pe_image_reader.cc(340)] could not read dos header from C:\Windows\System32\msvcp_win.dll
[0910/140014.830:ERROR:process_memory_win.cc(73)] ReadMemory at 0x7ff8b07b0000 of 64 bytes failed: Only part of a ReadProcessMemory or WriteProcessMemory request was completed. (0x12B)
[0910/140014.830:WARNING:pe_image_reader.cc(340)] could not read dos header from C:\Windows\System32\ucrtbase.dll
[0910/140014.830:ERROR:process_memory_win.cc(73)] ReadMemory at 0x7ff8b1810000 of 64 bytes failed: Only part of a ReadProcessMemory or WriteProcessMemory request was completed. (0x12B)
[0910/140014.830:WARNING:pe_image_reader.cc(340)] could not read dos header from C:\Windows\System32\combase.dll
[0910/140014.830:ERROR:process_memory_win.cc(73)] ReadMemory at 0x7ff8b0290000 of 64 bytes failed: Only part of a ReadProcessMemory or WriteProcessMemory request was completed. (0x12B)
[0910/140014.830:WARNING:pe_image_reader.cc(340)] could not read dos header from C:\Windows\System32\WINTRUST.dll
[0910/140014.830:ERROR:process_memory_win.cc(73)] ReadMemory at 0x7ff8aff20000 of 64 bytes failed: Only part of a ReadProcessMemory or WriteProcessMemory request was completed. (0x12B)
[0910/140014.830:WARNING:pe_image_reader.cc(340)] could not read dos header from C:\Windows\System32\MSASN1.dll
[0910/140014.830:ERROR:process_memory_win.cc(73)] ReadMemory at 0x7ff8b0640000 of 64 bytes failed: Only part of a ReadProcessMemory or WriteProcessMemory request was completed. (0x12B)
[0910/140014.830:WARNING:pe_image_reader.cc(340)] could not read dos header from C:\Windows\System32\CRYPT32.dll
[0910/140014.830:ERROR:process_memory_win.cc(73)] ReadMemory at 0x7ff8af420000 of 64 bytes failed: Only part of a ReadProcessMemory or WriteProcessMemory request was completed. (0x12B)
[0910/140014.830:WARNING:pe_image_reader.cc(340)] could not read dos header from C:\Windows\SYSTEM32\IPHLPAPI.DLL
[0910/140014.830:ERROR:process_memory_win.cc(73)] ReadMemory at 0x7ff8acc00000 of 64 bytes failed: Only part of a ReadProcessMemory or WriteProcessMemory request was completed. (0x12B)
[0910/140014.830:WARNING:pe_image_reader.cc(340)] could not read dos header from C:\Windows\SYSTEM32\WINMM.dll
[0910/140014.831:ERROR:process_memory_win.cc(73)] ReadMemory at 0x7ff87fd40000 of 64 bytes failed: Only part of a ReadProcessMemory or WriteProcessMemory request was completed. (0x12B)
[0910/140014.831:WARNING:pe_image_reader.cc(340)] could not read dos header from C:\Windows\SYSTEM32\UIAutomationCore.DLL
[0910/140014.831:ERROR:process_memory_win.cc(73)] ReadMemory at 0x7ff898b10000 of 64 bytes failed: Only part of a ReadProcessMemory or WriteProcessMemory request was completed. (0x12B)
[0910/140014.831:WARNING:pe_image_reader.cc(340)] could not read dos header from C:\Windows\SYSTEM32\Secur32.dll
[0910/140014.831:ERROR:process_memory_win.cc(73)] ReadMemory at 0x7ff8afe30000 of 64 bytes failed: Only part of a ReadProcessMemory or WriteProcessMemory request was completed. (0x12B)
[0910/140014.831:WARNING:pe_image_reader.cc(340)] could not read dos header from C:\Windows\SYSTEM32\USERENV.dll
[0910/140014.831:ERROR:process_memory_win.cc(73)] ReadMemory at 0x7ff8affb0000 of 64 bytes failed: Only part of a ReadProcessMemory or WriteProcessMemory request was completed. (0x12B)
[0910/140014.831:WARNING:pe_image_reader.cc(340)] could not read dos header from C:\Windows\System32\profapi.dll
[0910/140014.831:ERROR:process_memory_win.cc(73)] ReadMemory at 0x7ff89f870000 of 64 bytes failed: Only part of a ReadProcessMemory or WriteProcessMemory request was completed. (0x12B)
[0910/140014.831:WARNING:pe_image_reader.cc(340)] could not read dos header from C:\Windows\SYSTEM32\DWrite.dll
[0910/140014.831:ERROR:process_memory_win.cc(73)] ReadMemory at 0x7ff88ef10000 of 64 bytes failed: Only part of a ReadProcessMemory or WriteProcessMemory request was completed. (0x12B)
[0910/140014.831:WARNING:pe_image_reader.cc(340)] could not read dos header from C:\Windows\SYSTEM32\WINSPOOL.DRV
[0910/140014.831:ERROR:process_memory_win.cc(73)] ReadMemory at 0x7ff8aff90000 of 64 bytes failed: Only part of a ReadProcessMemory or WriteProcessMemory request was completed. (0x12B)
[0910/140014.831:WARNING:pe_image_reader.cc(340)] could not read dos header from C:\Windows\System32\kernel.appcore.dll
[0910/140014.831:ERROR:process_memory_win.cc(73)] ReadMemory at 0x7ff8b10e0000 of 64 bytes failed: Only part of a ReadProcessMemory or WriteProcessMemory request was completed. (0x12B)
[0910/140014.831:WARNING:pe_image_reader.cc(340)] could not read dos header from C:\Windows\System32\bcrypt.dll
[0910/140014.832:ERROR:process_memory_win.cc(73)] ReadMemory at 0x7ff8ae840000 of 64 bytes failed: Only part of a ReadProcessMemory or WriteProcessMemory request was completed. (0x12B)
[0910/140014.832:WARNING:pe_image_reader.cc(340)] could not read dos header from C:\Windows\SYSTEM32\dbghelp.dll
[0910/140014.832:ERROR:process_memory_win.cc(73)] ReadMemory at 0x7ff89e6f0000 of 64 bytes failed: Only part of a ReadProcessMemory or WriteProcessMemory request was completed. (0x12B)
[0910/140014.832:WARNING:pe_image_reader.cc(340)] could not read dos header from C:\Windows\SYSTEM32\WINHTTP.dll
[0910/140014.832:ERROR:process_memory_win.cc(73)] ReadMemory at 0x7ff8a2650000 of 64 bytes failed: Only part of a ReadProcessMemory or WriteProcessMemory request was completed. (0x12B)
[0910/140014.832:WARNING:pe_image_reader.cc(340)] could not read dos header from C:\Windows\SYSTEM32\dhcpcsvc.DLL
[0910/140014.832:ERROR:process_memory_win.cc(73)] ReadMemory at 0x7ff8b1ff0000 of 64 bytes failed: Only part of a ReadProcessMemory or WriteProcessMemory request was completed. (0x12B)
[0910/140014.832:WARNING:pe_image_reader.cc(340)] could not read dos header from C:\Windows\System32\NSI.dll
[0910/140014.832:ERROR:process_memory_win.cc(73)] ReadMemory at 0x7ff8acaf0000 of 64 bytes failed: Only part of a ReadProcessMemory or WriteProcessMemory request was completed. (0x12B)
[0910/140014.832:WARNING:pe_image_reader.cc(340)] could not read dos header from C:\Windows\SYSTEM32\WINMMBASE.dll
[0910/140014.832:ERROR:process_memory_win.cc(73)] ReadMemory at 0x7ff8b05f0000 of 64 bytes failed: Only part of a ReadProcessMemory or WriteProcessMemory request was completed. (0x12B)
[0910/140014.832:WARNING:pe_image_reader.cc(340)] could not read dos header from C:\Windows\System32\cfgmgr32.dll
[0910/140014.832:ERROR:process_memory_win.cc(73)] ReadMemory at 0x7ff8ade00000 of 64 bytes failed: Only part of a ReadProcessMemory or WriteProcessMemory request was completed. (0x12B)
[0910/140014.832:WARNING:pe_image_reader.cc(340)] could not read dos header from C:\Windows\SYSTEM32\PROPSYS.dll
[0910/140014.833:ERROR:process_memory_win.cc(73)] ReadMemory at 0x7ff8b1400000 of 64 bytes failed: Only part of a ReadProcessMemory or WriteProcessMemory request was completed. (0x12B)
[0910/140014.833:WARNING:pe_image_reader.cc(340)] could not read dos header from C:\Windows\System32\shcore.dll
[0910/140014.833:ERROR:process_memory_win.cc(73)] ReadMemory at 0x7ff8afe00000 of 64 bytes failed: Only part of a ReadProcessMemory or WriteProcessMemory request was completed. (0x12B)
[0910/140014.833:WARNING:pe_image_reader.cc(340)] could not read dos header from C:\Windows\SYSTEM32\SSPICLI.DLL
[0910/140014.833:ERROR:process_memory_win.cc(73)] ReadMemory at 0x7ff8b2260000 of 64 bytes failed: Only part of a ReadProcessMemory or WriteProcessMemory request was completed. (0x12B)
[0910/140014.833:WARNING:pe_image_reader.cc(340)] could not read dos header from C:\Windows\System32\SHELL32.dll
[0910/140014.833:ERROR:process_memory_win.cc(73)] ReadMemory at 0x7ff8b0950000 of 64 bytes failed: Only part of a ReadProcessMemory or WriteProcessMemory request was completed. (0x12B)
[0910/140014.833:WARNING:pe_image_reader.cc(340)] could not read dos header from C:\Windows\System32\windows.storage.dll
[0910/140014.833:ERROR:process_memory_win.cc(73)] ReadMemory at 0x7ff8aff40000 of 64 bytes failed: Only part of a ReadProcessMemory or WriteProcessMemory request was completed. (0x12B)
[0910/140014.833:WARNING:pe_image_reader.cc(340)] could not read dos header from C:\Windows\System32\powrprof.dll
[0910/140014.833:ERROR:process_memory_win.cc(73)] ReadMemory at 0x7ff8aff10000 of 64 bytes failed: Only part of a ReadProcessMemory or WriteProcessMemory request was completed. (0x12B)
[0910/140014.833:WARNING:pe_image_reader.cc(340)] could not read dos header from C:\Windows\System32\UMPDC.dll
[0910/140014.833:ERROR:process_memory_win.cc(73)] ReadMemory at 0x7ff8b13a0000 of 64 bytes failed: Only part of a ReadProcessMemory or WriteProcessMemory request was completed. (0x12B)
[0910/140014.833:WARNING:pe_image_reader.cc(340)] could not read dos header from C:\Windows\System32\shlwapi.dll
[0910/140014.833:ERROR:process_memory_win.cc(73)] ReadMemory at 0x7ff8b17e0000 of 64 bytes failed: Only part of a ReadProcessMemory or WriteProcessMemory request was completed. (0x12B)
[0910/140014.833:WARNING:pe_image_reader.cc(340)] could not read dos header from C:\Windows\System32\GDI32.dll
[0910/140014.833:ERROR:process_memory_win.cc(73)] ReadMemory at 0x7ff8b0510000 of 64 bytes failed: Only part of a ReadProcessMemory or WriteProcessMemory request was completed. (0x12B)
[0910/140014.833:WARNING:pe_image_reader.cc(340)] could not read dos header from C:\Windows\System32\win32u.dll
[0910/140014.833:ERROR:process_memory_win.cc(73)] ReadMemory at 0x7ff8b0370000 of 64 bytes failed: Only part of a ReadProcessMemory or WriteProcessMemory request was completed. (0x12B)
[0910/140014.833:WARNING:pe_image_reader.cc(340)] could not read dos header from C:\Windows\System32\gdi32full.dll
[0910/140014.833:ERROR:process_memory_win.cc(73)] ReadMemory at 0x7ff8b1dc0000 of 64 bytes failed: Only part of a ReadProcessMemory or WriteProcessMemory request was completed. (0x12B)
[0910/140014.834:WARNING:pe_image_reader.cc(340)] could not read dos header from C:\Windows\System32\USER32.dll
[0910/140014.834:ERROR:process_memory_win.cc(73)] ReadMemory at 0x7ff8b0790000 of 64 bytes failed: Only part of a ReadProcessMemory or WriteProcessMemory request was completed. (0x12B)
[0910/140014.834:WARNING:pe_image_reader.cc(340)] could not read dos header from C:\Windows\System32\cryptsp.dll
[0910/140014.834:ERROR:process_memory_win.cc(73)] ReadMemory at 0x7ff8b1fc0000 of 64 bytes failed: Only part of a ReadProcessMemory or WriteProcessMemory request was completed. (0x12B)
[0910/140014.834:WARNING:pe_image_reader.cc(340)] could not read dos header from C:\Windows\System32\IMM32.DLL
[0910/140014.834:ERROR:process_memory_win.cc(73)] ReadMemory at 0x7ff8af8e0000 of 64 bytes failed: Only part of a ReadProcessMemory or WriteProcessMemory request was completed. (0x12B)
[0910/140014.834:WARNING:pe_image_reader.cc(340)] could not read dos header from C:\Windows\SYSTEM32\CRYPTBASE.DLL
[0910/140014.842:ERROR:process_memory_win.cc(73)] ReadMemory at 0x7ff6d8c40000 of 64 bytes failed: Only part of a ReadProcessMemory or WriteProcessMemory request was completed. (0x12B)
[0910/140014.842:WARNING:pe_image_reader.cc(340)] could not read dos header from C:\Program Files (x86)\Google\Chrome\Application\chrome.exe
[0910/140014.842:ERROR:process_memory_win.cc(73)] ReadMemory at 0x7ff8b3060000 of 64 bytes failed: Only part of a ReadProcessMemory or WriteProcessMemory request was completed. (0x12B)
[0910/140014.842:WARNING:pe_image_reader.cc(340)] could not read dos header from C:\Windows\SYSTEM32\ntdll.dll
[0910/140014.842:ERROR:process_memory_win.cc(73)] ReadMemory at 0x7ff8b1b50000 of 64 bytes failed: Only part of a ReadProcessMemory or WriteProcessMemory request was completed. (0x12B)
[0910/140014.842:WARNING:pe_image_reader.cc(340)] could not read dos header from C:\Windows\System32\KERNEL32.DLL
[0910/140014.842:ERROR:process_memory_win.cc(73)] ReadMemory at 0x7ff8affe0000 of 64 bytes failed: Only part of a ReadProcessMemory or WriteProcessMemory request was completed. (0x12B)
[0910/140014.842:WARNING:pe_image_reader.cc(340)] could not read dos header from C:\Windows\System32\KERNELBASE.dll
[0910/140014.842:ERROR:process_memory_win.cc(73)] ReadMemory at 0x7ff891650000 of 64 bytes failed: Only part of a ReadProcessMemory or WriteProcessMemory request was completed. (0x12B)
[0910/140014.842:WARNING:pe_image_reader.cc(340)] could not read dos header from C:\Program Files (x86)\Google\Chrome\Application\85.0.4183.83\chrome_elf.dll
[0910/140014.842:ERROR:process_memory_win.cc(73)] ReadMemory at 0x7ff8a69d0000 of 64 bytes failed: Only part of a ReadProcessMemory or WriteProcessMemory request was completed. (0x12B)
[0910/140014.842:WARNING:pe_image_reader.cc(340)] could not read dos header from C:\Windows\SYSTEM32\VERSION.dll
[0910/140014.842:ERROR:process_memory_win.cc(73)] ReadMemory at 0x7ff8b1110000 of 64 bytes failed: Only part of a ReadProcessMemory or WriteProcessMemory request was completed. (0x12B)
[0910/140014.842:WARNING:pe_image_reader.cc(340)] could not read dos header from C:\Windows\System32\msvcrt.dll
[0910/140014.842:ERROR:process_memory_win.cc(73)] ReadMemory at 0x7ff8b02f0000 of 64 bytes failed: Only part of a ReadProcessMemory or WriteProcessMemory request was completed. (0x12B)
[0910/140014.842:WARNING:pe_image_reader.cc(340)] could not read dos header from C:\Windows\System32\bcryptPrimitives.dll
[0910/140014.842:ERROR:process_memory_win.cc(73)] ReadMemory at 0x7ff8b11b0000 of 64 bytes failed: Only part of a ReadProcessMemory or WriteProcessMemory request was completed. (0x12B)
[0910/140014.842:WARNING:pe_image_reader.cc(340)] could not read dos header from C:\Windows\System32\ADVAPI32.dll
[0910/140014.843:ERROR:process_memory_win.cc(73)] ReadMemory at 0x7ff8b2e20000 of 64 bytes failed: Only part of a ReadProcessMemory or WriteProcessMemory request was completed. (0x12B)
[0910/140014.843:WARNING:pe_image_reader.cc(340)] could not read dos header from C:\Windows\System32\sechost.dll
[0910/140014.843:ERROR:process_memory_win.cc(73)] ReadMemory at 0x7ff8b16c0000 of 64 bytes failed: Only part of a ReadProcessMemory or WriteProcessMemory request was completed. (0x12B)
[0910/140014.843:WARNING:pe_image_reader.cc(340)] could not read dos header from C:\Windows\System32\RPCRT4.dll
[0910/140014.843:ERROR:process_memory_win.cc(73)] ReadMemory at 0x7ff850790000 of 64 bytes failed: Only part of a ReadProcessMemory or WriteProcessMemory request was completed. (0x12B)
[0910/140014.843:WARNING:pe_image_reader.cc(340)] could not read dos header from C:\Program Files (x86)\Google\Chrome\Application\85.0.4183.83\chrome.dll
[0910/140014.843:ERROR:process_memory_win.cc(73)] ReadMemory at 0x7ff8b15b0000 of 64 bytes failed: Only part of a ReadProcessMemory or WriteProcessMemory request was completed. (0x12B)
[0910/140014.843:WARNING:pe_image_reader.cc(340)] could not read dos header from C:\Windows\System32\WS2_32.dll
[0910/140014.843:ERROR:process_memory_win.cc(73)] ReadMemory at 0x7ff8b2000000 of 64 bytes failed: Only part of a ReadProcessMemory or WriteProcessMemory request was completed. (0x12B)
[0910/140014.843:WARNING:pe_image_reader.cc(340)] could not read dos header from C:\Windows\System32\OLEAUT32.dll
[0910/140014.843:ERROR:process_memory_win.cc(73)] ReadMemory at 0x7ff8b08b0000 of 64 bytes failed: Only part of a ReadProcessMemory or WriteProcessMemory request was completed. (0x12B)
[0910/140014.843:WARNING:pe_image_reader.cc(340)] could not read dos header from C:\Windows\System32\msvcp_win.dll
[0910/140014.843:ERROR:process_memory_win.cc(73)] ReadMemory at 0x7ff8b07b0000 of 64 bytes failed: Only part of a ReadProcessMemory or WriteProcessMemory request was completed. (0x12B)
[0910/140014.843:WARNING:pe_image_reader.cc(340)] could not read dos header from C:\Windows\System32\ucrtbase.dll
[0910/140014.843:ERROR:process_memory_win.cc(73)] ReadMemory at 0x7ff8b1810000 of 64 bytes failed: Only part of a ReadProcessMemory or WriteProcessMemory request was completed. (0x12B)
[0910/140014.843:WARNING:pe_image_reader.cc(340)] could not read dos header from C:\Windows\System32\combase.dll
[0910/140014.843:ERROR:process_memory_win.cc(73)] ReadMemory at 0x7ff8b0290000 of 64 bytes failed: Only part of a ReadProcessMemory or WriteProcessMemory request was completed. (0x12B)
[0910/140014.843:WARNING:pe_image_reader.cc(340)] could not read dos header from C:\Windows\System32\WINTRUST.dll
[0910/140014.843:ERROR:process_memory_win.cc(73)] ReadMemory at 0x7ff8aff20000 of 64 bytes failed: Only part of a ReadProcessMemory or WriteProcessMemory request was completed. (0x12B)
[0910/140014.844:WARNING:pe_image_reader.cc(340)] could not read dos header from C:\Windows\System32\MSASN1.dll
[0910/140014.844:ERROR:process_memory_win.cc(73)] ReadMemory at 0x7ff8b0640000 of 64 bytes failed: Only part of a ReadProcessMemory or WriteProcessMemory request was completed. (0x12B)
[0910/140014.844:WARNING:pe_image_reader.cc(340)] could not read dos header from C:\Windows\System32\CRYPT32.dll
[0910/140014.844:ERROR:process_memory_win.cc(73)] ReadMemory at 0x7ff8af420000 of 64 bytes failed: Only part of a ReadProcessMemory or WriteProcessMemory request was completed. (0x12B)
[0910/140014.844:WARNING:pe_image_reader.cc(340)] could not read dos header from C:\Windows\SYSTEM32\IPHLPAPI.DLL
[0910/140014.844:ERROR:process_memory_win.cc(73)] ReadMemory at 0x7ff8acc00000 of 64 bytes failed: Only part of a ReadProcessMemory or WriteProcessMemory request was completed. (0x12B)
[0910/140014.844:WARNING:pe_image_reader.cc(340)] could not read dos header from C:\Windows\SYSTEM32\WINMM.dll
[0910/140014.844:ERROR:process_memory_win.cc(73)] ReadMemory at 0x7ff87fd40000 of 64 bytes failed: Only part of a ReadProcessMemory or WriteProcessMemory request was completed. (0x12B)
[0910/140014.844:WARNING:pe_image_reader.cc(340)] could not read dos header from C:\Windows\SYSTEM32\UIAutomationCore.DLL
[0910/140014.844:ERROR:process_memory_win.cc(73)] ReadMemory at 0x7ff898b10000 of 64 bytes failed: Only part of a ReadProcessMemory or WriteProcessMemory request was completed. (0x12B)
[0910/140014.844:WARNING:pe_image_reader.cc(340)] could not read dos header from C:\Windows\SYSTEM32\Secur32.dll
[0910/140014.844:ERROR:process_memory_win.cc(73)] ReadMemory at 0x7ff8afe30000 of 64 bytes failed: Only part of a ReadProcessMemory or WriteProcessMemory request was completed. (0x12B)
[0910/140014.844:WARNING:pe_image_reader.cc(340)] could not read dos header from C:\Windows\SYSTEM32\USERENV.dll
[0910/140014.844:ERROR:process_memory_win.cc(73)] ReadMemory at 0x7ff8affb0000 of 64 bytes failed: Only part of a ReadProcessMemory or WriteProcessMemory request was completed. (0x12B)
[0910/140014.844:WARNING:pe_image_reader.cc(340)] could not read dos header from C:\Windows\System32\profapi.dll
[0910/140014.844:ERROR:process_memory_win.cc(73)] ReadMemory at 0x7ff89f870000 of 64 bytes failed: Only part of a ReadProcessMemory or WriteProcessMemory request was completed. (0x12B)
[0910/140014.844:WARNING:pe_image_reader.cc(340)] could not read dos header from C:\Windows\SYSTEM32\DWrite.dll
[0910/140014.844:ERROR:process_memory_win.cc(73)] ReadMemory at 0x7ff88ef10000 of 64 bytes failed: Only part of a ReadProcessMemory or WriteProcessMemory request was completed. (0x12B)
[0910/140014.844:WARNING:pe_image_reader.cc(340)] could not read dos header from C:\Windows\SYSTEM32\WINSPOOL.DRV
[0910/140014.845:ERROR:process_memory_win.cc(73)] ReadMemory at 0x7ff8aff90000 of 64 bytes failed: Only part of a ReadProcessMemory or WriteProcessMemory request was completed. (0x12B)
[0910/140014.845:WARNING:pe_image_reader.cc(340)] could not read dos header from C:\Windows\System32\kernel.appcore.dll
[0910/140014.845:ERROR:process_memory_win.cc(73)] ReadMemory at 0x7ff8b10e0000 of 64 bytes failed: Only part of a ReadProcessMemory or WriteProcessMemory request was completed. (0x12B)
[0910/140014.845:WARNING:pe_image_reader.cc(340)] could not read dos header from C:\Windows\System32\bcrypt.dll
[0910/140014.845:ERROR:process_memory_win.cc(73)] ReadMemory at 0x7ff8ae840000 of 64 bytes failed: Only part of a ReadProcessMemory or WriteProcessMemory request was completed. (0x12B)
[0910/140014.845:WARNING:pe_image_reader.cc(340)] could not read dos header from C:\Windows\SYSTEM32\dbghelp.dll
[0910/140014.845:ERROR:process_memory_win.cc(73)] ReadMemory at 0x7ff89e6f0000 of 64 bytes failed: Only part of a ReadProcessMemory or WriteProcessMemory request was completed. (0x12B)
[0910/140014.845:WARNING:pe_image_reader.cc(340)] could not read dos header from C:\Windows\SYSTEM32\WINHTTP.dll
[0910/140014.845:ERROR:process_memory_win.cc(73)] ReadMemory at 0x7ff8a2650000 of 64 bytes failed: Only part of a ReadProcessMemory or WriteProcessMemory request was completed. (0x12B)
[0910/140014.845:WARNING:pe_image_reader.cc(340)] could not read dos header from C:\Windows\SYSTEM32\dhcpcsvc.DLL
[0910/140014.845:ERROR:process_memory_win.cc(73)] ReadMemory at 0x7ff8b1ff0000 of 64 bytes failed: Only part of a ReadProcessMemory or WriteProcessMemory request was completed. (0x12B)
[0910/140014.845:WARNING:pe_image_reader.cc(340)] could not read dos header from C:\Windows\System32\NSI.dll
[0910/140014.845:ERROR:process_memory_win.cc(73)] ReadMemory at 0x7ff8acaf0000 of 64 bytes failed: Only part of a ReadProcessMemory or WriteProcessMemory request was completed. (0x12B)
[0910/140014.845:WARNING:pe_image_reader.cc(340)] could not read dos header from C:\Windows\SYSTEM32\WINMMBASE.dll
[0910/140014.845:ERROR:process_memory_win.cc(73)] ReadMemory at 0x7ff8b05f0000 of 64 bytes failed: Only part of a ReadProcessMemory or WriteProcessMemory request was completed. (0x12B)
[0910/140014.845:WARNING:pe_image_reader.cc(340)] could not read dos header from C:\Windows\System32\cfgmgr32.dll
[0910/140014.845:ERROR:process_memory_win.cc(73)] ReadMemory at 0x7ff8ade00000 of 64 bytes failed: Only part of a ReadProcessMemory or WriteProcessMemory request was completed. (0x12B)
[0910/140014.845:WARNING:pe_image_reader.cc(340)] could not read dos header from C:\Windows\SYSTEM32\PROPSYS.dll
[0910/140014.845:ERROR:process_memory_win.cc(73)] ReadMemory at 0x7ff8b1400000 of 64 bytes failed: Only part of a ReadProcessMemory or WriteProcessMemory request was completed. (0x12B)
[0910/140014.845:WARNING:pe_image_reader.cc(340)] could not read dos header from C:\Windows\System32\shcore.dll
[0910/140014.846:ERROR:process_memory_win.cc(73)] ReadMemory at 0x7ff8afe00000 of 64 bytes failed: Only part of a ReadProcessMemory or WriteProcessMemory request was completed. (0x12B)
[0910/140014.846:WARNING:pe_image_reader.cc(340)] could not read dos header from C:\Windows\SYSTEM32\SSPICLI.DLL
[0910/140014.846:ERROR:process_memory_win.cc(73)] ReadMemory at 0x7ff8b2260000 of 64 bytes failed: Only part of a ReadProcessMemory or WriteProcessMemory request was completed. (0x12B)
[0910/140014.846:WARNING:pe_image_reader.cc(340)] could not read dos header from C:\Windows\System32\SHELL32.dll
[0910/140014.846:ERROR:process_memory_win.cc(73)] ReadMemory at 0x7ff8b0950000 of 64 bytes failed: Only part of a ReadProcessMemory or WriteProcessMemory request was completed. (0x12B)
[0910/140014.846:WARNING:pe_image_reader.cc(340)] could not read dos header from C:\Windows\System32\windows.storage.dll
[0910/140014.846:ERROR:process_memory_win.cc(73)] ReadMemory at 0x7ff8aff40000 of 64 bytes failed: Only part of a ReadProcessMemory or WriteProcessMemory request was completed. (0x12B)
[0910/140014.846:WARNING:pe_image_reader.cc(340)] could not read dos header from C:\Windows\System32\powrprof.dll
[0910/140014.846:ERROR:process_memory_win.cc(73)] ReadMemory at 0x7ff8aff10000 of 64 bytes failed: Only part of a ReadProcessMemory or WriteProcessMemory request was completed. (0x12B)
[0910/140014.846:WARNING:pe_image_reader.cc(340)] could not read dos header from C:\Windows\System32\UMPDC.dll
[0910/140014.846:ERROR:process_memory_win.cc(73)] ReadMemory at 0x7ff8b13a0000 of 64 bytes failed: Only part of a ReadProcessMemory or WriteProcessMemory request was completed. (0x12B)
[0910/140014.846:WARNING:pe_image_reader.cc(340)] could not read dos header from C:\Windows\System32\shlwapi.dll
[0910/140014.846:ERROR:process_memory_win.cc(73)] ReadMemory at 0x7ff8b17e0000 of 64 bytes failed: Only part of a ReadProcessMemory or WriteProcessMemory request was completed. (0x12B)
[0910/140014.846:WARNING:pe_image_reader.cc(340)] could not read dos header from C:\Windows\System32\GDI32.dll
[0910/140014.846:ERROR:process_memory_win.cc(73)] ReadMemory at 0x7ff8b0510000 of 64 bytes failed: Only part of a ReadProcessMemory or WriteProcessMemory request was completed. (0x12B)
[0910/140014.846:WARNING:pe_image_reader.cc(340)] could not read dos header from C:\Windows\System32\win32u.dll
[0910/140014.846:ERROR:process_memory_win.cc(73)] ReadMemory at 0x7ff8b0370000 of 64 bytes failed: Only part of a ReadProcessMemory or WriteProcessMemory request was completed. (0x12B)
[0910/140014.846:WARNING:pe_image_reader.cc(340)] could not read dos header from C:\Windows\System32\gdi32full.dll
[0910/140014.846:ERROR:process_memory_win.cc(73)] ReadMemory at 0x7ff8b1dc0000 of 64 bytes failed: Only part of a ReadProcessMemory or WriteProcessMemory request was completed. (0x12B)
[0910/140014.846:WARNING:pe_image_reader.cc(340)] could not read dos header from C:\Windows\System32\USER32.dll
[0910/140014.847:ERROR:process_memory_win.cc(73)] ReadMemory at 0x7ff8b0790000 of 64 bytes failed: Only part of a ReadProcessMemory or WriteProcessMemory request was completed. (0x12B)
[0910/140014.847:WARNING:pe_image_reader.cc(340)] could not read dos header from C:\Windows\System32\cryptsp.dll
[0910/140014.847:ERROR:process_memory_win.cc(73)] ReadMemory at 0x7ff8b1fc0000 of 64 bytes failed: Only part of a ReadProcessMemory or WriteProcessMemory request was completed. (0x12B)
[0910/140014.847:WARNING:pe_image_reader.cc(340)] could not read dos header from C:\Windows\System32\IMM32.DLL
[0910/140014.847:ERROR:process_memory_win.cc(73)] ReadMemory at 0x7ff8af8e0000 of 64 bytes failed: Only part of a ReadProcessMemory or WriteProcessMemory request was completed. (0x12B)
[0910/140014.847:WARNING:pe_image_reader.cc(340)] could not read dos header from C:\Windows\SYSTEM32\CRYPTBASE.DLL
[0910/140014.847:ERROR:process_memory_win.cc(73)] ReadMemory at 0x7ff6d8c40000 of 64 bytes failed: Only part of a ReadProcessMemory or WriteProcessMemory request was completed. (0x12B)
[0910/140014.847:WARNING:pe_image_reader.cc(340)] could not read dos header from C:\Program Files (x86)\Google\Chrome\Application\chrome.exe
[0910/140014.847:ERROR:process_memory_win.cc(73)] ReadMemory at 0x7ff8b3060000 of 64 bytes failed: Only part of a ReadProcessMemory or WriteProcessMemory request was completed. (0x12B)
[0910/140014.847:WARNING:pe_image_reader.cc(340)] could not read dos header from C:\Windows\SYSTEM32\ntdll.dll
[0910/140014.847:ERROR:process_memory_win.cc(73)] ReadMemory at 0x7ff8b1b50000 of 64 bytes failed: Only part of a ReadProcessMemory or WriteProcessMemory request was completed. (0x12B)
[0910/140014.847:WARNING:pe_image_reader.cc(340)] could not read dos header from C:\Windows\System32\KERNEL32.DLL
[0910/140014.847:ERROR:process_memory_win.cc(73)] ReadMemory at 0x7ff8affe0000 of 64 bytes failed: Only part of a ReadProcessMemory or WriteProcessMemory request was completed. (0x12B)
[0910/140014.847:WARNING:pe_image_reader.cc(340)] could not read dos header from C:\Windows\System32\KERNELBASE.dll
[0910/140014.847:ERROR:process_memory_win.cc(73)] ReadMemory at 0x7ff891650000 of 64 bytes failed: Only part of a ReadProcessMemory or WriteProcessMemory request was completed. (0x12B)
[0910/140014.847:WARNING:pe_image_reader.cc(340)] could not read dos header from C:\Program Files (x86)\Google\Chrome\Application\85.0.4183.83\chrome_elf.dll
[0910/140014.847:ERROR:process_memory_win.cc(73)] ReadMemory at 0x7ff8a69d0000 of 64 bytes failed: Only part of a ReadProcessMemory or WriteProcessMemory request was completed. (0x12B)
[0910/140014.848:WARNING:pe_image_reader.cc(340)] could not read dos header from C:\Windows\SYSTEM32\VERSION.dll
[0910/140014.848:ERROR:process_memory_win.cc(73)] ReadMemory at 0x7ff8b1110000 of 64 bytes failed: Only part of a ReadProcessMemory or WriteProcessMemory request was completed. (0x12B)
[0910/140014.848:WARNING:pe_image_reader.cc(340)] could not read dos header from C:\Windows\System32\msvcrt.dll
[0910/140014.848:ERROR:process_memory_win.cc(73)] ReadMemory at 0x7ff8b02f0000 of 64 bytes failed: Only part of a ReadProcessMemory or WriteProcessMemory request was completed. (0x12B)
[0910/140014.848:WARNING:pe_image_reader.cc(340)] could not read dos header from C:\Windows\System32\bcryptPrimitives.dll
[0910/140014.848:ERROR:process_memory_win.cc(73)] ReadMemory at 0x7ff8b11b0000 of 64 bytes failed: Only part of a ReadProcessMemory or WriteProcessMemory request was completed. (0x12B)
[0910/140014.848:WARNING:pe_image_reader.cc(340)] could not read dos header from C:\Windows\System32\ADVAPI32.dll
[0910/140014.848:ERROR:process_memory_win.cc(73)] ReadMemory at 0x7ff8b2e20000 of 64 bytes failed: Only part of a ReadProcessMemory or WriteProcessMemory request was completed. (0x12B)
[0910/140014.848:WARNING:pe_image_reader.cc(340)] could not read dos header from C:\Windows\System32\sechost.dll
[0910/140014.848:ERROR:process_memory_win.cc(73)] ReadMemory at 0x7ff8b16c0000 of 64 bytes failed: Only part of a ReadProcessMemory or WriteProcessMemory request was completed. (0x12B)
[0910/140014.848:WARNING:pe_image_reader.cc(340)] could not read dos header from C:\Windows\System32\RPCRT4.dll
[0910/140014.848:ERROR:process_memory_win.cc(73)] ReadMemory at 0x7ff850790000 of 64 bytes failed: Only part of a ReadProcessMemory or WriteProcessMemory request was completed. (0x12B)
[0910/140014.849:WARNING:pe_image_reader.cc(340)] could not read dos header from C:\Program Files (x86)\Google\Chrome\Application\85.0.4183.83\chrome.dll
[0910/140014.849:ERROR:process_memory_win.cc(73)] ReadMemory at 0x7ff8b15b0000 of 64 bytes failed: Only part of a ReadProcessMemory or WriteProcessMemory request was completed. (0x12B)
[0910/140014.849:WARNING:pe_image_reader.cc(340)] could not read dos header from C:\Windows\System32\WS2_32.dll
[0910/140014.849:ERROR:process_memory_win.cc(73)] ReadMemory at 0x7ff8b2000000 of 64 bytes failed: Only part of a ReadProcessMemory or WriteProcessMemory request was completed. (0x12B)
[0910/140014.849:WARNING:pe_image_reader.cc(340)] could not read dos header from C:\Windows\System32\OLEAUT32.dll
[0910/140014.849:ERROR:process_memory_win.cc(73)] ReadMemory at 0x7ff8b08b0000 of 64 bytes failed: Only part of a ReadProcessMemory or WriteProcessMemory request was completed. (0x12B)
[0910/140014.849:WARNING:pe_image_reader.cc(340)] could not read dos header from C:\Windows\System32\msvcp_win.dll
[0910/140014.849:ERROR:process_memory_win.cc(73)] ReadMemory at 0x7ff8b07b0000 of 64 bytes failed: Only part of a ReadProcessMemory or WriteProcessMemory request was completed. (0x12B)
[0910/140014.849:WARNING:pe_image_reader.cc(340)] could not read dos header from C:\Windows\System32\ucrtbase.dll
[0910/140014.849:ERROR:process_memory_win.cc(73)] ReadMemory at 0x7ff8b1810000 of 64 bytes failed: Only part of a ReadProcessMemory or WriteProcessMemory request was completed. (0x12B)
[0910/140014.849:WARNING:pe_image_reader.cc(340)] could not read dos header from C:\Windows\System32\combase.dll
[0910/140014.849:ERROR:process_memory_win.cc(73)] ReadMemory at 0x7ff8b0290000 of 64 bytes failed: Only part of a ReadProcessMemory or WriteProcessMemory request was completed. (0x12B)
[0910/140014.849:WARNING:pe_image_reader.cc(340)] could not read dos header from C:\Windows\System32\WINTRUST.dll
[0910/140014.849:ERROR:process_memory_win.cc(73)] ReadMemory at 0x7ff8aff20000 of 64 bytes failed: Only part of a ReadProcessMemory or WriteProcessMemory request was completed. (0x12B)
[0910/140014.849:WARNING:pe_image_reader.cc(340)] could not read dos header from C:\Windows\System32\MSASN1.dll
[0910/140014.850:ERROR:process_memory_win.cc(73)] ReadMemory at 0x7ff8b0640000 of 64 bytes failed: Only part of a ReadProcessMemory or WriteProcessMemory request was completed. (0x12B)
[0910/140014.850:WARNING:pe_image_reader.cc(340)] could not read dos header from C:\Windows\System32\CRYPT32.dll
[0910/140014.850:ERROR:process_memory_win.cc(73)] ReadMemory at 0x7ff8af420000 of 64 bytes failed: Only part of a ReadProcessMemory or WriteProcessMemory request was completed. (0x12B)
[0910/140014.850:WARNING:pe_image_reader.cc(340)] could not read dos header from C:\Windows\SYSTEM32\IPHLPAPI.DLL
[0910/140014.850:ERROR:process_memory_win.cc(73)] ReadMemory at 0x7ff8acc00000 of 64 bytes failed: Only part of a ReadProcessMemory or WriteProcessMemory request was completed. (0x12B)
[0910/140014.850:WARNING:pe_image_reader.cc(340)] could not read dos header from C:\Windows\SYSTEM32\WINMM.dll
[0910/140014.850:ERROR:process_memory_win.cc(73)] ReadMemory at 0x7ff87fd40000 of 64 bytes failed: Only part of a ReadProcessMemory or WriteProcessMemory request was completed. (0x12B)
[0910/140014.850:WARNING:pe_image_reader.cc(340)] could not read dos header from C:\Windows\SYSTEM32\UIAutomationCore.DLL
[0910/140014.850:ERROR:process_memory_win.cc(73)] ReadMemory at 0x7ff898b10000 of 64 bytes failed: Only part of a ReadProcessMemory or WriteProcessMemory request was completed. (0x12B)
[0910/140014.850:WARNING:pe_image_reader.cc(340)] could not read dos header from C:\Windows\SYSTEM32\Secur32.dll
[0910/140014.850:ERROR:process_memory_win.cc(73)] ReadMemory at 0x7ff8afe30000 of 64 bytes failed: Only part of a ReadProcessMemory or WriteProcessMemory request was completed. (0x12B)
[0910/140014.850:WARNING:pe_image_reader.cc(340)] could not read dos header from C:\Windows\SYSTEM32\USERENV.dll
[0910/140014.850:ERROR:process_memory_win.cc(73)] ReadMemory at 0x7ff8affb0000 of 64 bytes failed: Only part of a ReadProcessMemory or WriteProcessMemory request was completed. (0x12B)
[0910/140014.850:WARNING:pe_image_reader.cc(340)] could not read dos header from C:\Windows\System32\profapi.dll
[0910/140014.850:ERROR:process_memory_win.cc(73)] ReadMemory at 0x7ff89f870000 of 64 bytes failed: Only part of a ReadProcessMemory or WriteProcessMemory request was completed. (0x12B)
[0910/140014.850:WARNING:pe_image_reader.cc(340)] could not read dos header from C:\Windows\SYSTEM32\DWrite.dll
[0910/140014.850:ERROR:process_memory_win.cc(73)] ReadMemory at 0x7ff88ef10000 of 64 bytes failed: Only part of a ReadProcessMemory or WriteProcessMemory request was completed. (0x12B)
[0910/140014.850:WARNING:pe_image_reader.cc(340)] could not read dos header from C:\Windows\SYSTEM32\WINSPOOL.DRV
[0910/140014.850:ERROR:process_memory_win.cc(73)] ReadMemory at 0x7ff8aff90000 of 64 bytes failed: Only part of a ReadProcessMemory or WriteProcessMemory request was completed. (0x12B)
[0910/140014.850:WARNING:pe_image_reader.cc(340)] could not read dos header from C:\Windows\System32\kernel.appcore.dll
[0910/140014.850:ERROR:process_memory_win.cc(73)] ReadMemory at 0x7ff8b10e0000 of 64 bytes failed: Only part of a ReadProcessMemory or WriteProcessMemory request was completed. (0x12B)
[0910/140014.851:WARNING:pe_image_reader.cc(340)] could not read dos header from C:\Windows\System32\bcrypt.dll
[0910/140014.851:ERROR:process_memory_win.cc(73)] ReadMemory at 0x7ff8ae840000 of 64 bytes failed: Only part of a ReadProcessMemory or WriteProcessMemory request was completed. (0x12B)
[0910/140014.851:WARNING:pe_image_reader.cc(340)] could not read dos header from C:\Windows\SYSTEM32\dbghelp.dll
[0910/140014.851:ERROR:process_memory_win.cc(73)] ReadMemory at 0x7ff89e6f0000 of 64 bytes failed: Only part of a ReadProcessMemory or WriteProcessMemory request was completed. (0x12B)
[0910/140014.851:WARNING:pe_image_reader.cc(340)] could not read dos header from C:\Windows\SYSTEM32\WINHTTP.dll
[0910/140014.851:ERROR:process_memory_win.cc(73)] ReadMemory at 0x7ff8a2650000 of 64 bytes failed: Only part of a ReadProcessMemory or WriteProcessMemory request was completed. (0x12B)
[0910/140014.851:WARNING:pe_image_reader.cc(340)] could not read dos header from C:\Windows\SYSTEM32\dhcpcsvc.DLL
[0910/140014.851:ERROR:process_memory_win.cc(73)] ReadMemory at 0x7ff8b1ff0000 of 64 bytes failed: Only part of a ReadProcessMemory or WriteProcessMemory request was completed. (0x12B)
[0910/140014.851:WARNING:pe_image_reader.cc(340)] could not read dos header from C:\Windows\System32\NSI.dll
[0910/140014.851:ERROR:process_memory_win.cc(73)] ReadMemory at 0x7ff8acaf0000 of 64 bytes failed: Only part of a ReadProcessMemory or WriteProcessMemory request was completed. (0x12B)
[0910/140014.851:WARNING:pe_image_reader.cc(340)] could not read dos header from C:\Windows\SYSTEM32\WINMMBASE.dll
[0910/140014.851:ERROR:process_memory_win.cc(73)] ReadMemory at 0x7ff8b05f0000 of 64 bytes failed: Only part of a ReadProcessMemory or WriteProcessMemory request was completed. (0x12B)
[0910/140014.851:WARNING:pe_image_reader.cc(340)] could not read dos header from C:\Windows\System32\cfgmgr32.dll
[0910/140014.851:ERROR:process_memory_win.cc(73)] ReadMemory at 0x7ff8ade00000 of 64 bytes failed: Only part of a ReadProcessMemory or WriteProcessMemory request was completed. (0x12B)
[0910/140014.851:WARNING:pe_image_reader.cc(340)] could not read dos header from C:\Windows\SYSTEM32\PROPSYS.dll
[0910/140014.851:ERROR:process_memory_win.cc(73)] ReadMemory at 0x7ff8b1400000 of 64 bytes failed: Only part of a ReadProcessMemory or WriteProcessMemory request was completed. (0x12B)
[0910/140014.851:WARNING:pe_image_reader.cc(340)] could not read dos header from C:\Windows\System32\shcore.dll
[0910/140014.851:ERROR:process_memory_win.cc(73)] ReadMemory at 0x7ff8afe00000 of 64 bytes failed: Only part of a ReadProcessMemory or WriteProcessMemory request was completed. (0x12B)
[0910/140014.851:WARNING:pe_image_reader.cc(340)] could not read dos header from C:\Windows\SYSTEM32\SSPICLI.DLL
[0910/140014.851:ERROR:process_memory_win.cc(73)] ReadMemory at 0x7ff8b2260000 of 64 bytes failed: Only part of a ReadProcessMemory or WriteProcessMemory request was completed. (0x12B)
[0910/140014.851:WARNING:pe_image_reader.cc(340)] could not read dos header from C:\Windows\System32\SHELL32.dll
[0910/140014.852:ERROR:process_memory_win.cc(73)] ReadMemory at 0x7ff8b0950000 of 64 bytes failed: Only part of a ReadProcessMemory or WriteProcessMemory request was completed. (0x12B)
[0910/140014.852:WARNING:pe_image_reader.cc(340)] could not read dos header from C:\Windows\System32\windows.storage.dll
[0910/140014.852:ERROR:process_memory_win.cc(73)] ReadMemory at 0x7ff8aff40000 of 64 bytes failed: Only part of a ReadProcessMemory or WriteProcessMemory request was completed. (0x12B)
[0910/140014.852:WARNING:pe_image_reader.cc(340)] could not read dos header from C:\Windows\System32\powrprof.dll
[0910/140014.852:ERROR:process_memory_win.cc(73)] ReadMemory at 0x7ff8aff10000 of 64 bytes failed: Only part of a ReadProcessMemory or WriteProcessMemory request was completed. (0x12B)
[0910/140014.852:WARNING:pe_image_reader.cc(340)] could not read dos header from C:\Windows\System32\UMPDC.dll
[0910/140014.852:ERROR:process_memory_win.cc(73)] ReadMemory at 0x7ff8b13a0000 of 64 bytes failed: Only part of a ReadProcessMemory or WriteProcessMemory request was completed. (0x12B)
[0910/140014.852:WARNING:pe_image_reader.cc(340)] could not read dos header from C:\Windows\System32\shlwapi.dll
[0910/140014.852:ERROR:process_memory_win.cc(73)] ReadMemory at 0x7ff8b17e0000 of 64 bytes failed: Only part of a ReadProcessMemory or WriteProcessMemory request was completed. (0x12B)
[0910/140014.852:WARNING:pe_image_reader.cc(340)] could not read dos header from C:\Windows\System32\GDI32.dll
[0910/140014.852:ERROR:process_memory_win.cc(73)] ReadMemory at 0x7ff8b0510000 of 64 bytes failed: Only part of a ReadProcessMemory or WriteProcessMemory request was completed. (0x12B)
[0910/140014.852:WARNING:pe_image_reader.cc(340)] could not read dos header from C:\Windows\System32\win32u.dll
[0910/140014.852:ERROR:process_memory_win.cc(73)] ReadMemory at 0x7ff8b0370000 of 64 bytes failed: Only part of a ReadProcessMemory or WriteProcessMemory request was completed. (0x12B)
[0910/140014.852:WARNING:pe_image_reader.cc(340)] could not read dos header from C:\Windows\System32\gdi32full.dll
[0910/140014.852:ERROR:process_memory_win.cc(73)] ReadMemory at 0x7ff8b1dc0000 of 64 bytes failed: Only part of a ReadProcessMemory or WriteProcessMemory request was completed. (0x12B)
[0910/140014.852:WARNING:pe_image_reader.cc(340)] could not read dos header from C:\Windows\System32\USER32.dll
[0910/140014.852:ERROR:process_memory_win.cc(73)] ReadMemory at 0x7ff8b0790000 of 64 bytes failed: Only part of a ReadProcessMemory or WriteProcessMemory request was completed. (0x12B)
[0910/140014.852:WARNING:pe_image_reader.cc(340)] could not read dos header from C:\Windows\System32\cryptsp.dll
[0910/140014.852:ERROR:process_memory_win.cc(73)] ReadMemory at 0x7ff8b1fc0000 of 64 bytes failed: Only part of a ReadProcessMemory or WriteProcessMemory request was completed. (0x12B)
[0910/140014.852:WARNING:pe_image_reader.cc(340)] could not read dos header from C:\Windows\System32\IMM32.DLL
[0910/140014.853:ERROR:process_memory_win.cc(73)] ReadMemory at 0x7ff8af8e0000 of 64 bytes failed: Only part of a ReadProcessMemory or WriteProcessMemory request was completed. (0x12B)
[0910/140014.853:WARNING:pe_image_reader.cc(340)] could not read dos header from C:\Windows\SYSTEM32\CRYPTBASE.DLL
[0910/140014.882:ERROR:process_memory_win.cc(73)] ReadMemory at 0x994cfe3000 of 118784 bytes failed: Only part of a ReadProcessMemory or WriteProcessMemory request was completed. (0x12B)
[0910/140014.882:ERROR:process_memory_win.cc(73)] ReadMemory at 0x994d7fd000 of 12288 bytes failed: Only part of a ReadProcessMemory or WriteProcessMemory request was completed. (0x12B)
[0910/140014.882:ERROR:process_memory_win.cc(73)] ReadMemory at 0x994e7fd000 of 12288 bytes failed: Only part of a ReadProcessMemory or WriteProcessMemory request was completed. (0x12B)
[0910/140014.882:ERROR:process_memory_win.cc(73)] ReadMemory at 0x994effb000 of 20480 bytes failed: Only part of a ReadProcessMemory or WriteProcessMemory request was completed. (0x12B)
[0910/140014.883:ERROR:process_memory_win.cc(73)] ReadMemory at 0x994f7fe000 of 8192 bytes failed: Only part of a ReadProcessMemory or WriteProcessMemory request was completed. (0x12B)
[0910/140014.883:ERROR:process_memory_win.cc(73)] ReadMemory at 0x994fffd000 of 12288 bytes failed: Only part of a ReadProcessMemory or WriteProcessMemory request was completed. (0x12B)
[0910/140014.883:ERROR:process_memory_win.cc(73)] ReadMemory at 0x99507fc000 of 16384 bytes failed: Only part of a ReadProcessMemory or WriteProcessMemory request was completed. (0x12B)
[0910/140014.883:ERROR:process_memory_win.cc(73)] ReadMemory at 0x99517fc000 of 16384 bytes failed: Only part of a ReadProcessMemory or WriteProcessMemory request was completed. (0x12B)
[0910/140014.883:ERROR:process_memory_win.cc(73)] ReadMemory at 0x9951ff6000 of 40960 bytes failed: Only part of a ReadProcessMemory or WriteProcessMemory request was completed. (0x12B)
[0910/140014.883:ERROR:process_memory_win.cc(73)] ReadMemory at 0x99527f7000 of 36864 bytes failed: Only part of a ReadProcessMemory or WriteProcessMemory request was completed. (0x12B)
[0910/140014.883:ERROR:process_memory_win.cc(73)] ReadMemory at 0x9952ffc000 of 16384 bytes failed: Only part of a ReadProcessMemory or WriteProcessMemory request was completed. (0x12B)
[0910/140014.883:ERROR:process_memory_win.cc(73)] ReadMemory at 0x99547f8000 of 32768 bytes failed: Only part of a ReadProcessMemory or WriteProcessMemory request was completed. (0x12B)
[0910/140014.883:ERROR:process_memory_win.cc(73)] ReadMemory at 0x9954ffc000 of 16384 bytes failed: Only part of a ReadProcessMemory or WriteProcessMemory request was completed. (0x12B)
[0910/140014.884:ERROR:process_memory_win.cc(73)] ReadMemory at 0x99537fd000 of 12288 bytes failed: Only part of a ReadProcessMemory or WriteProcessMemory request was completed. (0x12B)
[0910/140014.884:ERROR:process_memory_win.cc(73)] ReadMemory at 0x9950ffc000 of 16384 bytes failed: Only part of a ReadProcessMemory or WriteProcessMemory request was completed. (0x12B)
[0910/140014.884:ERROR:process_memory_win.cc(73)] ReadMemory at 0x9953ffd000 of 12288 bytes failed: Only part of a ReadProcessMemory or WriteProcessMemory request was completed. (0x12B)
[0910/140014.884:ERROR:process_memory_win.cc(73)] ReadMemory at 0x994dffd000 of 12288 bytes failed: Only part of a ReadProcessMemory or WriteProcessMemory request was completed. (0x12B)
[0910/140014.884:ERROR:process_memory_win.cc(73)] ReadMemory at 0x994c67b000 of 852 bytes failed: Only part of a ReadProcessMemory or WriteProcessMemory request was completed. (0x12B)
[0910/140014.884:ERROR:process_memory_win.cc(73)] ReadMemory at 0x994c67c000 of 6024 bytes failed: Only part of a ReadProcessMemory or WriteProcessMemory request was completed. (0x12B)
[0910/140014.884:ERROR:process_memory_win.cc(73)] ReadMemory at 0x994c67e000 of 6024 bytes failed: Only part of a ReadProcessMemory or WriteProcessMemory request was completed. (0x12B)
[0910/140014.884:ERROR:process_memory_win.cc(73)] ReadMemory at 0x994c682000 of 6024 bytes failed: Only part of a ReadProcessMemory or WriteProcessMemory request was completed. (0x12B)
[0910/140014.885:ERROR:process_memory_win.cc(73)] ReadMemory at 0x994c684000 of 6024 bytes failed: Only part of a ReadProcessMemory or WriteProcessMemory request was completed. (0x12B)
[0910/140014.885:ERROR:process_memory_win.cc(73)] ReadMemory at 0x994c686000 of 6024 bytes failed: Only part of a ReadProcessMemory or WriteProcessMemory request was completed. (0x12B)
[0910/140014.885:ERROR:process_memory_win.cc(73)] ReadMemory at 0x994c688000 of 6024 bytes failed: Only part of a ReadProcessMemory or WriteProcessMemory request was completed. (0x12B)
[0910/140014.885:ERROR:process_memory_win.cc(73)] ReadMemory at 0x994c68a000 of 6024 bytes failed: Only part of a ReadProcessMemory or WriteProcessMemory request was completed. (0x12B)
[0910/140014.885:ERROR:process_memory_win.cc(73)] ReadMemory at 0x994c68e000 of 6024 bytes failed: Only part of a ReadProcessMemory or WriteProcessMemory request was completed. (0x12B)
[0910/140014.885:ERROR:process_memory_win.cc(73)] ReadMemory at 0x994c690000 of 6024 bytes failed: Only part of a ReadProcessMemory or WriteProcessMemory request was completed. (0x12B)
[0910/140014.885:ERROR:process_memory_win.cc(73)] ReadMemory at 0x994c692000 of 6024 bytes failed: Only part of a ReadProcessMemory or WriteProcessMemory request was completed. (0x12B)
[0910/140014.885:ERROR:process_memory_win.cc(73)] ReadMemory at 0x994c694000 of 6024 bytes failed: Only part of a ReadProcessMemory or WriteProcessMemory request was completed. (0x12B)
[0910/140014.886:ERROR:process_memory_win.cc(73)] ReadMemory at 0x994c69a000 of 6024 bytes failed: Only part of a ReadProcessMemory or WriteProcessMemory request was completed. (0x12B)
[0910/140014.886:ERROR:process_memory_win.cc(73)] ReadMemory at 0x994c69c000 of 6024 bytes failed: Only part of a ReadProcessMemory or WriteProcessMemory request was completed. (0x12B)
[0910/140014.886:ERROR:process_memory_win.cc(73)] ReadMemory at 0x994c6a0000 of 6024 bytes failed: Only part of a ReadProcessMemory or WriteProcessMemory request was completed. (0x12B)
[0910/140014.886:ERROR:process_memory_win.cc(73)] ReadMemory at 0x994c6a4000 of 6024 bytes failed: Only part of a ReadProcessMemory or WriteProcessMemory request was completed. (0x12B)
[0910/140014.886:ERROR:process_memory_win.cc(73)] ReadMemory at 0x994c6a8000 of 6024 bytes failed: Only part of a ReadProcessMemory or WriteProcessMemory request was completed. (0x12B)
[0910/140014.886:ERROR:process_memory_win.cc(73)] ReadMemory at 0x994c6aa000 of 6024 bytes failed: Only part of a ReadProcessMemory or WriteProcessMemory request was completed. (0x12B)
[0910/140014.886:ERROR:process_memory_win.cc(73)] ReadMemory at 0x1f86e681180 of 512 bytes failed: Only part of a ReadProcessMemory or WriteProcessMemory request was completed. (0x12B)
[0910/140014.886:ERROR:process_memory_win.cc(73)] ReadMemory at 0x1f86e6f0ad0 of 1016 bytes failed: Only part of a ReadProcessMemory or WriteProcessMemory request was completed. (0x12B)
[0910/140014.886:ERROR:process_memory_win.cc(73)] ReadMemory at 0x1f86e6f0fe0 of 3850 bytes failed: Only part of a ReadProcessMemory or WriteProcessMemory request was completed. (0x12B)
[0910/140014.887:ERROR:process_memory_win.cc(73)] ReadMemory at 0x1f86e6f1f00 of 1012 bytes failed: Only part of a ReadProcessMemory or WriteProcessMemory request was completed. (0x12B)
[0910/140014.887:ERROR:process_memory_win.cc(73)] ReadMemory at 0x1f86e6f2548 of 118 bytes failed: Only part of a ReadProcessMemory or WriteProcessMemory request was completed. (0x12B)
[0910/140014.887:ERROR:process_memory_win.cc(73)] ReadMemory at 0x1f86e6f25c0 of 1180 bytes failed: Only part of a ReadProcessMemory or WriteProcessMemory request was completed. (0x12B)
[0910/140014.887:ERROR:process_memory_win.cc(73)] ReadMemory at 0x1f86e6f2a5e of 118 bytes failed: Only part of a ReadProcessMemory or WriteProcessMemory request was completed. (0x12B)
[0910/140014.887:ERROR:process_memory_win.cc(73)] ReadMemory at 0x1f86e6f2ad6 of 96 bytes failed: Only part of a ReadProcessMemory or WriteProcessMemory request was completed. (0x12B)
[0910/140014.887:ERROR:process_memory_win.cc(73)] ReadMemory at 0x1f86e6f2b50 of 58 bytes failed: Only part of a ReadProcessMemory or WriteProcessMemory request was completed. (0x12B)
[0910/140014.887:ERROR:process_memory_win.cc(73)] ReadMemory at 0x1f86e6f2c50 of 132 bytes failed: Only part of a ReadProcessMemory or WriteProcessMemory request was completed. (0x12B)
[0910/140014.887:ERROR:process_memory_win.cc(73)] ReadMemory at 0x1f86e6f2de0 of 132 bytes failed: Only part of a ReadProcessMemory or WriteProcessMemory request was completed. (0x12B)
[0910/140014.887:ERROR:process_memory_win.cc(73)] ReadMemory at 0x1f86e6f2fa0 of 124 bytes failed: Only part of a ReadProcessMemory or WriteProcessMemory request was completed. (0x12B)
[0910/140014.887:ERROR:process_memory_win.cc(73)] ReadMemory at 0x1f86e6f3380 of 132 bytes failed: Only part of a ReadProcessMemory or WriteProcessMemory request was completed. (0x12B)
[0910/140014.888:ERROR:process_memory_win.cc(73)] ReadMemory at 0x1f86e6f3510 of 64 bytes failed: Only part of a ReadProcessMemory or WriteProcessMemory request was completed. (0x12B)
[0910/140014.888:ERROR:process_memory_win.cc(73)] ReadMemory at 0x1f86e6f36d0 of 132 bytes failed: Only part of a ReadProcessMemory or WriteProcessMemory request was completed. (0x12B)
[0910/140014.888:ERROR:process_memory_win.cc(73)] ReadMemory at 0x1f86e6f3970 of 132 bytes failed: Only part of a ReadProcessMemory or WriteProcessMemory request was completed. (0x12B)
[0910/140014.888:ERROR:process_memory_win.cc(73)] ReadMemory at 0x1f86e6f3b00 of 68 bytes failed: Only part of a ReadProcessMemory or WriteProcessMemory request was completed. (0x12B)
[0910/140014.888:ERROR:process_memory_win.cc(73)] ReadMemory at 0x1f86e6f4ca0 of 132 bytes failed: Only part of a ReadProcessMemory or WriteProcessMemory request was completed. (0x12B)
[0910/140014.888:ERROR:process_memory_win.cc(73)] ReadMemory at 0x1f86e6f4e30 of 152 bytes failed: Only part of a ReadProcessMemory or WriteProcessMemory request was completed. (0x12B)
[0910/140014.888:ERROR:process_memory_win.cc(73)] ReadMemory at 0x1f86e6f5c10 of 62 bytes failed: Only part of a ReadProcessMemory or WriteProcessMemory request was completed. (0x12B)
[0910/140014.888:ERROR:process_memory_win.cc(73)] ReadMemory at 0x1f86e6f5e00 of 60 bytes failed: Only part of a ReadProcessMemory or WriteProcessMemory request was completed. (0x12B)
[0910/140014.888:ERROR:process_memory_win.cc(73)] ReadMemory at 0x1f86e6f6350 of 132 bytes failed: Only part of a ReadProcessMemory or WriteProcessMemory request was completed. (0x12B)
[0910/140014.889:ERROR:process_memory_win.cc(73)] ReadMemory at 0x1f86e6fe070 of 54 bytes failed: Only part of a ReadProcessMemory or WriteProcessMemory request was completed. (0x12B)
[0910/140014.889:ERROR:process_memory_win.cc(73)] ReadMemory at 0x1f86e6feaa0 of 62 bytes failed: Only part of a ReadProcessMemory or WriteProcessMemory request was completed. (0x12B)
[0910/140014.889:ERROR:process_memory_win.cc(73)] ReadMemory at 0x1f86e6ff200 of 80 bytes failed: Only part of a ReadProcessMemory or WriteProcessMemory request was completed. (0x12B)
[0910/140014.889:ERROR:process_memory_win.cc(73)] ReadMemory at 0x1f86e7028e0 of 132 bytes failed: Only part of a ReadProcessMemory or WriteProcessMemory request was completed. (0x12B)
[0910/140014.889:ERROR:process_memory_win.cc(73)] ReadMemory at 0x1f86e702d10 of 132 bytes failed: Only part of a ReadProcessMemory or WriteProcessMemory request was completed. (0x12B)
[0910/140014.889:ERROR:process_memory_win.cc(73)] ReadMemory at 0x1f86e702ed0 of 132 bytes failed: Only part of a ReadProcessMemory or WriteProcessMemory request was completed. (0x12B)
[0910/140014.889:ERROR:process_memory_win.cc(73)] ReadMemory at 0x1f86e7033b0 of 144 bytes failed: Only part of a ReadProcessMemory or WriteProcessMemory request was completed. (0x12B)
[0910/140014.889:ERROR:process_memory_win.cc(73)] ReadMemory at 0x1f86e703f10 of 132 bytes failed: Only part of a ReadProcessMemory or WriteProcessMemory request was completed. (0x12B)
[0910/140014.889:ERROR:process_memory_win.cc(73)] ReadMemory at 0x1f86e7050a0 of 132 bytes failed: Only part of a ReadProcessMemory or WriteProcessMemory request was completed. (0x12B)
[0910/140014.889:ERROR:process_memory_win.cc(73)] ReadMemory at 0x1f86e7051d0 of 132 bytes failed: Only part of a ReadProcessMemory or WriteProcessMemory request was completed. (0x12B)
[0910/140014.890:ERROR:process_memory_win.cc(73)] ReadMemory at 0x1f86e705300 of 132 bytes failed: Only part of a ReadProcessMemory or WriteProcessMemory request was completed. (0x12B)
[0910/140014.890:ERROR:process_memory_win.cc(73)] ReadMemory at 0x1f86e705430 of 132 bytes failed: Only part of a ReadProcessMemory or WriteProcessMemory request was completed. (0x12B)
[0910/140014.890:ERROR:process_memory_win.cc(73)] ReadMemory at 0x1f86e705560 of 132 bytes failed: Only part of a ReadProcessMemory or WriteProcessMemory request was completed. (0x12B)
[0910/140014.890:ERROR:process_memory_win.cc(73)] ReadMemory at 0x1f86e705690 of 132 bytes failed: Only part of a ReadProcessMemory or WriteProcessMemory request was completed. (0x12B)
[0910/140014.890:ERROR:process_memory_win.cc(73)] ReadMemory at 0x1f86e7057c0 of 132 bytes failed: Only part of a ReadProcessMemory or WriteProcessMemory request was completed. (0x12B)
[0910/140014.890:ERROR:process_memory_win.cc(73)] ReadMemory at 0x1f86e7058f0 of 132 bytes failed: Only part of a ReadProcessMemory or WriteProcessMemory request was completed. (0x12B)
[0910/140014.890:ERROR:process_memory_win.cc(73)] ReadMemory at 0x1f86e705b50 of 132 bytes failed: Only part of a ReadProcessMemory or WriteProcessMemory request was completed. (0x12B)
[0910/140014.890:ERROR:process_memory_win.cc(73)] ReadMemory at 0x1f86e705c80 of 132 bytes failed: Only part of a ReadProcessMemory or WriteProcessMemory request was completed. (0x12B)
[0910/140014.890:ERROR:process_memory_win.cc(73)] ReadMemory at 0x1f86e705db0 of 132 bytes failed: Only part of a ReadProcessMemory or WriteProcessMemory request was completed. (0x12B)
[0910/140014.890:ERROR:process_memory_win.cc(73)] ReadMemory at 0x1f86e705ee0 of 132 bytes failed: Only part of a ReadProcessMemory or WriteProcessMemory request was completed. (0x12B)
[0910/140014.890:ERROR:process_memory_win.cc(73)] ReadMemory at 0x1f86e707500 of 132 bytes failed: Only part of a ReadProcessMemory or WriteProcessMemory request was completed. (0x12B)
[0910/140014.891:ERROR:process_memory_win.cc(73)] ReadMemory at 0x1f86e7083f0 of 132 bytes failed: Only part of a ReadProcessMemory or WriteProcessMemory request was completed. (0x12B)
[0910/140014.891:ERROR:process_memory_win.cc(73)] ReadMemory at 0x1f86e70c2b0 of 60 bytes failed: Only part of a ReadProcessMemory or WriteProcessMemory request was completed. (0x12B)
[0910/140014.891:ERROR:process_memory_win.cc(73)] ReadMemory at 0x1f86e70c350 of 64 bytes failed: Only part of a ReadProcessMemory or WriteProcessMemory request was completed. (0x12B)
[0910/140014.891:ERROR:process_memory_win.cc(73)] ReadMemory at 0x1f86e70c3a0 of 60 bytes failed: Only part of a ReadProcessMemory or WriteProcessMemory request was completed. (0x12B)
[0910/140014.891:ERROR:process_memory_win.cc(73)] ReadMemory at 0x1f86e70c440 of 62 bytes failed: Only part of a ReadProcessMemory or WriteProcessMemory request was completed. (0x12B)
[0910/140014.891:ERROR:process_memory_win.cc(73)] ReadMemory at 0x1f86e70c490 of 64 bytes failed: Only part of a ReadProcessMemory or WriteProcessMemory request was completed. (0x12B)
[0910/140014.891:ERROR:process_memory_win.cc(73)] ReadMemory at 0x1f86e70c530 of 64 bytes failed: Only part of a ReadProcessMemory or WriteProcessMemory request was completed. (0x12B)
[0910/140014.891:ERROR:process_memory_win.cc(73)] ReadMemory at 0x1f86e70c580 of 66 bytes failed: Only part of a ReadProcessMemory or WriteProcessMemory request was completed. (0x12B)
[0910/140014.891:ERROR:process_memory_win.cc(73)] ReadMemory at 0x1f86e70c5d0 of 64 bytes failed: Only part of a ReadProcessMemory or WriteProcessMemory request was completed. (0x12B)
[0910/140014.891:ERROR:process_memory_win.cc(73)] ReadMemory at 0x1f86e70c760 of 62 bytes failed: Only part of a ReadProcessMemory or WriteProcessMemory request was completed. (0x12B)
[0910/140014.892:ERROR:process_memory_win.cc(73)] ReadMemory at 0x1f86e70c7b0 of 64 bytes failed: Only part of a ReadProcessMemory or WriteProcessMemory request was completed. (0x12B)
[0910/140014.892:ERROR:process_memory_win.cc(73)] ReadMemory at 0x1f86e70c850 of 60 bytes failed: Only part of a ReadProcessMemory or WriteProcessMemory request was completed. (0x12B)
[0910/140014.892:ERROR:process_memory_win.cc(73)] ReadMemory at 0x1f86e70c8f0 of 58 bytes failed: Only part of a ReadProcessMemory or WriteProcessMemory request was completed. (0x12B)
[0910/140014.892:ERROR:process_memory_win.cc(73)] ReadMemory at 0x1f86e70c940 of 62 bytes failed: Only part of a ReadProcessMemory or WriteProcessMemory request was completed. (0x12B)
[0910/140014.892:ERROR:process_memory_win.cc(73)] ReadMemory at 0x1f86e70c990 of 66 bytes failed: Only part of a ReadProcessMemory or WriteProcessMemory request was completed. (0x12B)
[0910/140014.892:ERROR:process_memory_win.cc(73)] ReadMemory at 0x1f86e70cbc0 of 60 bytes failed: Only part of a ReadProcessMemory or WriteProcessMemory request was completed. (0x12B)
[0910/140014.892:ERROR:process_memory_win.cc(73)] ReadMemory at 0x1f86e70cc60 of 64 bytes failed: Only part of a ReadProcessMemory or WriteProcessMemory request was completed. (0x12B)
[0910/140014.892:ERROR:process_memory_win.cc(73)] ReadMemory at 0x1f86e70ccb0 of 62 bytes failed: Only part of a ReadProcessMemory or WriteProcessMemory request was completed. (0x12B)
[0910/140014.892:ERROR:process_memory_win.cc(73)] ReadMemory at 0x1f86e70cd50 of 62 bytes failed: Only part of a ReadProcessMemory or WriteProcessMemory request was completed. (0x12B)
[0910/140014.892:ERROR:process_memory_win.cc(73)] ReadMemory at 0x1f86e70cdf0 of 62 bytes failed: Only part of a ReadProcessMemory or WriteProcessMemory request was completed. (0x12B)
[0910/140014.893:ERROR:process_memory_win.cc(73)] ReadMemory at 0x1f86e70ce40 of 60 bytes failed: Only part of a ReadProcessMemory or WriteProcessMemory request was completed. (0x12B)
[0910/140014.893:ERROR:process_memory_win.cc(73)] ReadMemory at 0x1f86e70ce90 of 64 bytes failed: Only part of a ReadProcessMemory or WriteProcessMemory request was completed. (0x12B)
[0910/140014.893:ERROR:process_memory_win.cc(73)] ReadMemory at 0x1f86e70cf30 of 62 bytes failed: Only part of a ReadProcessMemory or WriteProcessMemory request was completed. (0x12B)
[0910/140014.893:ERROR:process_memory_win.cc(73)] ReadMemory at 0x1f86e70cfd0 of 62 bytes failed: Only part of a ReadProcessMemory or WriteProcessMemory request was completed. (0x12B)
[0910/140014.893:ERROR:process_memory_win.cc(73)] ReadMemory at 0x1f86e70d070 of 60 bytes failed: Only part of a ReadProcessMemory or WriteProcessMemory request was completed. (0x12B)
[0910/140014.893:ERROR:process_memory_win.cc(73)] ReadMemory at 0x1f86e70d110 of 62 bytes failed: Only part of a ReadProcessMemory or WriteProcessMemory request was completed. (0x12B)
[0910/140014.893:ERROR:process_memory_win.cc(73)] ReadMemory at 0x1f86e70d160 of 64 bytes failed: Only part of a ReadProcessMemory or WriteProcessMemory request was completed. (0x12B)
[0910/140014.893:ERROR:process_memory_win.cc(73)] ReadMemory at 0x1f86e7102d0 of 132 bytes failed: Only part of a ReadProcessMemory or WriteProcessMemory request was completed. (0x12B)
[0910/140014.894:ERROR:process_memory_win.cc(73)] ReadMemory at 0x1f86e7104f0 of 132 bytes failed: Only part of a ReadProcessMemory or WriteProcessMemory request was completed. (0x12B)
[0910/140014.894:ERROR:process_memory_win.cc(73)] ReadMemory at 0x1f86e710850 of 132 bytes failed: Only part of a ReadProcessMemory or WriteProcessMemory request was completed. (0x12B)
[0910/140014.894:ERROR:process_memory_win.cc(73)] ReadMemory at 0x1f86e710a60 of 132 bytes failed: Only part of a ReadProcessMemory or WriteProcessMemory request was completed. (0x12B)
[0910/140014.894:ERROR:process_memory_win.cc(73)] ReadMemory at 0x1f86e711280 of 132 bytes failed: Only part of a ReadProcessMemory or WriteProcessMemory request was completed. (0x12B)
[0910/140014.894:ERROR:process_memory_win.cc(73)] ReadMemory at 0x1f86e7113b0 of 132 bytes failed: Only part of a ReadProcessMemory or WriteProcessMemory request was completed. (0x12B)
[0910/140014.894:ERROR:process_memory_win.cc(73)] ReadMemory at 0x1f86e7114e0 of 132 bytes failed: Only part of a ReadProcessMemory or WriteProcessMemory request was completed. (0x12B)
[0910/140014.894:ERROR:process_memory_win.cc(73)] ReadMemory at 0x1f86e711610 of 132 bytes failed: Only part of a ReadProcessMemory or WriteProcessMemory request was completed. (0x12B)
[0910/140014.894:ERROR:process_memory_win.cc(73)] ReadMemory at 0x1f86e711740 of 132 bytes failed: Only part of a ReadProcessMemory or WriteProcessMemory request was completed. (0x12B)
[0910/140014.894:ERROR:process_memory_win.cc(73)] ReadMemory at 0x1f86e711ad0 of 132 bytes failed: Only part of a ReadProcessMemory or WriteProcessMemory request was completed. (0x12B)
[0910/140014.894:ERROR:process_memory_win.cc(73)] ReadMemory at 0x1f86e711c00 of 132 bytes failed: Only part of a ReadProcessMemory or WriteProcessMemory request was completed. (0x12B)
[0910/140014.895:ERROR:process_memory_win.cc(73)] ReadMemory at 0x1f86e711d30 of 132 bytes failed: Only part of a ReadProcessMemory or WriteProcessMemory request was completed. (0x12B)
[0910/140014.895:ERROR:process_memory_win.cc(73)] ReadMemory at 0x1f86e711e60 of 132 bytes failed: Only part of a ReadProcessMemory or WriteProcessMemory request was completed. (0x12B)
[0910/140014.895:ERROR:process_memory_win.cc(73)] ReadMemory at 0x1f86e711f90 of 132 bytes failed: Only part of a ReadProcessMemory or WriteProcessMemory request was completed. (0x12B)
[0910/140014.895:ERROR:process_memory_win.cc(73)] ReadMemory at 0x1f86e7120c0 of 132 bytes failed: Only part of a ReadProcessMemory or WriteProcessMemory request was completed. (0x12B)
[0910/140014.895:ERROR:process_memory_win.cc(73)] ReadMemory at 0x1f86e7121f0 of 132 bytes failed: Only part of a ReadProcessMemory or WriteProcessMemory request was completed. (0x12B)
[0910/140014.895:ERROR:process_memory_win.cc(73)] ReadMemory at 0x1f86e712320 of 132 bytes failed: Only part of a ReadProcessMemory or WriteProcessMemory request was completed. (0x12B)
[0910/140014.895:ERROR:process_memory_win.cc(73)] ReadMemory at 0x1f86e712450 of 132 bytes failed: Only part of a ReadProcessMemory or WriteProcessMemory request was completed. (0x12B)
[0910/140014.895:ERROR:process_memory_win.cc(73)] ReadMemory at 0x1f86e712580 of 132 bytes failed: Only part of a ReadProcessMemory or WriteProcessMemory request was completed. (0x12B)
[0910/140014.895:ERROR:process_memory_win.cc(73)] ReadMemory at 0x1f86e7126b0 of 132 bytes failed: Only part of a ReadProcessMemory or WriteProcessMemory request was completed. (0x12B)
[0910/140014.895:ERROR:process_memory_win.cc(73)] ReadMemory at 0x1f86e7127e0 of 132 bytes failed: Only part of a ReadProcessMemory or WriteProcessMemory request was completed. (0x12B)
[0910/140014.895:ERROR:process_memory_win.cc(73)] ReadMemory at 0x1f86e712910 of 132 bytes failed: Only part of a ReadProcessMemory or WriteProcessMemory request was completed. (0x12B)
[0910/140014.896:ERROR:process_memory_win.cc(73)] ReadMemory at 0x1f86e712a40 of 132 bytes failed: Only part of a ReadProcessMemory or WriteProcessMemory request was completed. (0x12B)
[0910/140014.896:ERROR:process_memory_win.cc(73)] ReadMemory at 0x1f86e712b70 of 132 bytes failed: Only part of a ReadProcessMemory or WriteProcessMemory request was completed. (0x12B)
[0910/140014.896:ERROR:process_memory_win.cc(73)] ReadMemory at 0x1f86e712ca0 of 132 bytes failed: Only part of a ReadProcessMemory or WriteProcessMemory request was completed. (0x12B)
[0910/140014.896:ERROR:process_memory_win.cc(73)] ReadMemory at 0x1f86e713630 of 80 bytes failed: Only part of a ReadProcessMemory or WriteProcessMemory request was completed. (0x12B)
[0910/140014.896:ERROR:process_memory_win.cc(73)] ReadMemory at 0x1f86e7136f0 of 76 bytes failed: Only part of a ReadProcessMemory or WriteProcessMemory request was completed. (0x12B)
[0910/140014.896:ERROR:process_memory_win.cc(73)] ReadMemory at 0x1f86e7358c0 of 60 bytes failed: Only part of a ReadProcessMemory or WriteProcessMemory request was completed. (0x12B)
[0910/140014.896:ERROR:process_memory_win.cc(73)] ReadMemory at 0x1f86e735910 of 58 bytes failed: Only part of a ReadProcessMemory or WriteProcessMemory request was completed. (0x12B)
[0910/140014.896:ERROR:process_memory_win.cc(73)] ReadMemory at 0x1f86e735960 of 66 bytes failed: Only part of a ReadProcessMemory or WriteProcessMemory request was completed. (0x12B)
[0910/140014.896:ERROR:process_memory_win.cc(73)] ReadMemory at 0x1f86e7359b0 of 60 bytes failed: Only part of a ReadProcessMemory or WriteProcessMemory request was completed. (0x12B)
[0910/140014.896:ERROR:process_memory_win.cc(73)] ReadMemory at 0x1f86e735a00 of 58 bytes failed: Only part of a ReadProcessMemory or WriteProcessMemory request was completed. (0x12B)
[0910/140014.897:ERROR:process_memory_win.cc(73)] ReadMemory at 0x1f86e735d70 of 58 bytes failed: Only part of a ReadProcessMemory or WriteProcessMemory request was completed. (0x12B)
[0910/140014.897:ERROR:process_memory_win.cc(73)] ReadMemory at 0x1f86e735fa0 of 62 bytes failed: Only part of a ReadProcessMemory or WriteProcessMemory request was completed. (0x12B)
[0910/140014.897:ERROR:process_memory_win.cc(73)] ReadMemory at 0x1f86e736130 of 64 bytes failed: Only part of a ReadProcessMemory or WriteProcessMemory request was completed. (0x12B)
[0910/140014.897:ERROR:process_memory_win.cc(73)] ReadMemory at 0x1f86e736270 of 62 bytes failed: Only part of a ReadProcessMemory or WriteProcessMemory request was completed. (0x12B)
[0910/140014.897:ERROR:process_memory_win.cc(73)] ReadMemory at 0x1f86e7367c0 of 62 bytes failed: Only part of a ReadProcessMemory or WriteProcessMemory request was completed. (0x12B)
[0910/140014.897:ERROR:process_memory_win.cc(73)] ReadMemory at 0x1f86e74b9f0 of 78 bytes failed: Only part of a ReadProcessMemory or WriteProcessMemory request was completed. (0x12B)
[0910/140014.897:ERROR:process_memory_win.cc(73)] ReadMemory at 0x1f86e7649f0 of 512 bytes failed: Only part of a ReadProcessMemory or WriteProcessMemory request was completed. (0x12B)
[0910/140014.897:ERROR:process_memory_win.cc(73)] ReadMemory at 0x1f86e770cd0 of 512 bytes failed: Only part of a ReadProcessMemory or WriteProcessMemory request was completed. (0x12B)
[0910/140014.897:ERROR:process_memory_win.cc(73)] ReadMemory at 0x1f86e7723e0 of 512 bytes failed: Only part of a ReadProcessMemory or WriteProcessMemory request was completed. (0x12B)
[0910/140014.897:ERROR:process_memory_win.cc(73)] ReadMemory at 0x1f86e774548 of 512 bytes failed: Only part of a ReadProcessMemory or WriteProcessMemory request was completed. (0x12B)
[0910/140014.898:ERROR:process_memory_win.cc(73)] ReadMemory at 0x1f86e7869e0 of 512 bytes failed: Only part of a ReadProcessMemory or WriteProcessMemory request was completed. (0x12B)
[0910/140014.898:ERROR:process_memory_win.cc(73)] ReadMemory at 0x1f86e789950 of 512 bytes failed: Only part of a ReadProcessMemory or WriteProcessMemory request was completed. (0x12B)
[0910/140014.898:ERROR:process_memory_win.cc(73)] ReadMemory at 0x1f86e78cc90 of 512 bytes failed: Only part of a ReadProcessMemory or WriteProcessMemory request was completed. (0x12B)
[0910/140014.898:ERROR:process_memory_win.cc(73)] ReadMemory at 0x1f86e794020 of 712 bytes failed: Only part of a ReadProcessMemory or WriteProcessMemory request was completed. (0x12B)
[0910/140014.898:ERROR:process_memory_win.cc(73)] ReadMemory at 0x1f86e7ba610 of 512 bytes failed: Only part of a ReadProcessMemory or WriteProcessMemory request was completed. (0x12B)
[0910/140014.898:ERROR:process_memory_win.cc(73)] ReadMemory at 0x1f86e7c5192 of 512 bytes failed: Only part of a ReadProcessMemory or WriteProcessMemory request was completed. (0x12B)
[0910/140014.898:ERROR:process_memory_win.cc(73)] ReadMemory at 0x1f87016cb90 of 512 bytes failed: Only part of a ReadProcessMemory or WriteProcessMemory request was completed. (0x12B)
[0910/140014.898:ERROR:process_memory_win.cc(73)] ReadMemory at 0x1f870216a30 of 512 bytes failed: Only part of a ReadProcessMemory or WriteProcessMemory request was completed. (0x12B)
[0910/140014.898:ERROR:process_memory_win.cc(73)] ReadMemory at 0x1f870ea4e00 of 512 bytes failed: Only part of a ReadProcessMemory or WriteProcessMemory request was completed. (0x12B)
[0910/140014.899:ERROR:process_memory_win.cc(73)] ReadMemory at 0x1f870ea5180 of 512 bytes failed: Only part of a ReadProcessMemory or WriteProcessMemory request was completed. (0x12B)
[0910/140014.899:ERROR:process_memory_win.cc(73)] ReadMemory at 0x1f870ed89b0 of 595 bytes failed: Only part of a ReadProcessMemory or WriteProcessMemory request was completed. (0x12B)
[0910/140014.899:ERROR:process_memory_win.cc(73)] ReadMemory at 0x1f87231e400 of 512 bytes failed: Only part of a ReadProcessMemory or WriteProcessMemory request was completed. (0x12B)
[0910/140014.899:ERROR:process_memory_win.cc(73)] ReadMemory at 0x1f872323000 of 512 bytes failed: Only part of a ReadProcessMemory or WriteProcessMemory request was completed. (0x12B)
[0910/140014.899:ERROR:process_memory_win.cc(73)] ReadMemory at 0x1f872323520 of 512 bytes failed: Only part of a ReadProcessMemory or WriteProcessMemory request was completed. (0x12B)
[0910/140014.899:ERROR:process_memory_win.cc(73)] ReadMemory at 0x1f872351c20 of 512 bytes failed: Only part of a ReadProcessMemory or WriteProcessMemory request was completed. (0x12B)
[0910/140014.899:ERROR:process_memory_win.cc(73)] ReadMemory at 0x1f8723575a0 of 512 bytes failed: Only part of a ReadProcessMemory or WriteProcessMemory request was completed. (0x12B)
[0910/140014.900:ERROR:process_memory_win.cc(73)] ReadMemory at 0x1f873b5c2e0 of 512 bytes failed: Only part of a ReadProcessMemory or WriteProcessMemory request was completed. (0x12B)
[0910/140014.900:ERROR:process_memory_win.cc(73)] ReadMemory at 0x60d93a62698 of 512 bytes failed: Only part of a ReadProcessMemory or WriteProcessMemory request was completed. (0x12B)
[0910/140014.900:ERROR:process_memory_win.cc(73)] ReadMemory at 0x60d93a6ad08 of 512 bytes failed: Only part of a ReadProcessMemory or WriteProcessMemory request was completed. (0x12B)
[0910/140014.900:ERROR:process_memory_win.cc(73)] ReadMemory at 0x60d93a6bfb8 of 512 bytes failed: Only part of a ReadProcessMemory or WriteProcessMemory request was completed. (0x12B)
[0910/140014.900:ERROR:process_memory_win.cc(73)] ReadMemory at 0x60d93a6c240 of 512 bytes failed: Only part of a ReadProcessMemory or WriteProcessMemory request was completed. (0x12B)
[0910/140014.900:ERROR:process_memory_win.cc(73)] ReadMemory at 0x151fdaa7a6d8 of 512 bytes failed: Only part of a ReadProcessMemory or WriteProcessMemory request was completed. (0x12B)
[0910/140014.900:ERROR:process_memory_win.cc(73)] ReadMemory at 0x2082813937c0 of 512 bytes failed: Only part of a ReadProcessMemory or WriteProcessMemory request was completed. (0x12B)
[0910/140014.900:ERROR:process_memory_win.cc(73)] ReadMemory at 0x208281b93440 of 512 bytes failed: Only part of a ReadProcessMemory or WriteProcessMemory request was completed. (0x12B)
[0910/140014.900:ERROR:process_memory_win.cc(73)] ReadMemory at 0x6cb800000000 of 384 bytes failed: Only part of a ReadProcessMemory or WriteProcessMemory request was completed. (0x12B)
[0910/140014.900:ERROR:process_memory_win.cc(73)] ReadMemory at 0x6cb80813ff80 of 128 bytes failed: Only part of a ReadProcessMemory or WriteProcessMemory request was completed. (0x12B)
[0910/140014.900:ERROR:process_memory_win.cc(73)] ReadMemory at 0x7ff850806cd0 of 512 bytes failed: Only part of a ReadProcessMemory or WriteProcessMemory request was completed. (0x12B)
[0910/140014.901:ERROR:process_memory_win.cc(73)] ReadMemory at 0x7ff850ad6ea0 of 512 bytes failed: Only part of a ReadProcessMemory or WriteProcessMemory request was completed. (0x12B)
[0910/140014.901:ERROR:process_memory_win.cc(73)] ReadMemory at 0x7ff850d25ae9 of 512 bytes failed: Only part of a ReadProcessMemory or WriteProcessMemory request was completed. (0x12B)
[0910/140014.901:ERROR:process_memory_win.cc(73)] ReadMemory at 0x7ff854a6f35f of 512 bytes failed: Only part of a ReadProcessMemory or WriteProcessMemory request was completed. (0x12B)
[0910/140014.901:ERROR:process_memory_win.cc(73)] ReadMemory at 0x7ff8590c9a78 of 512 bytes failed: Only part of a ReadProcessMemory or WriteProcessMemory request was completed. (0x12B)
[0910/140014.901:ERROR:process_memory_win.cc(73)] ReadMemory at 0x7ff8590db610 of 512 bytes failed: Only part of a ReadProcessMemory or WriteProcessMemory request was completed. (0x12B)
[0910/140014.901:ERROR:process_memory_win.cc(73)] ReadMemory at 0x7ff8b001a699 of 512 bytes failed: Only part of a ReadProcessMemory or WriteProcessMemory request was completed. (0x12B)
[0910/140014.901:ERROR:process_memory_win.cc(73)] ReadMemory at 0x7ff8b024c6d0 of 512 bytes failed: Only part of a ReadProcessMemory or WriteProcessMemory request was completed. (0x12B)
[0910/140014.901:ERROR:process_memory_win.cc(73)] ReadMemory at 0x7ff8b1b71f80 of 512 bytes failed: Only part of a ReadProcessMemory or WriteProcessMemory request was completed. (0x12B)
[0910/140014.901:ERROR:process_memory_win.cc(73)] ReadMemory at 0x7ff8b30fc074 of 1344 bytes failed: Only part of a ReadProcessMemory or WriteProcessMemory request was completed. (0x12B)
[0910/140014.901:ERROR:process_memory_win.cc(73)] ReadMemory at 0x7ff8b30fc674 of 512 bytes failed: Only part of a ReadProcessMemory or WriteProcessMemory request was completed. (0x12B)
[0910/140014.902:ERROR:process_memory_win.cc(73)] ReadMemory at 0x7ff8b30ff924 of 608 bytes failed: Only part of a ReadProcessMemory or WriteProcessMemory request was completed. (0x12B)
[0910/140014.902:ERROR:process_memory_win.cc(73)] ReadMemory at 0x7ff8b318c428 of 18 bytes failed: Only part of a ReadProcessMemory or WriteProcessMemory request was completed. (0x12B)
[0910/140014.902:ERROR:process_memory_win.cc(73)] ReadMemory at 0x7ff8b31bf4f8 of 40 bytes failed: Only part of a ReadProcessMemory or WriteProcessMemory request was completed. (0x12B)
[0910/140014.902:ERROR:process_memory_win.cc(73)] ReadMemory at 0x7ff8b31bf978 of 48 bytes failed: Only part of a ReadProcessMemory or WriteProcessMemory request was completed. (0x12B)
[0910/140014.902:ERROR:process_memory_win.cc(73)] ReadMemory at 0x7ff8b31c53c0 of 64 bytes failed: Only part of a ReadProcessMemory or WriteProcessMemory request was completed. (0x12B)
[0910/140014.904:ERROR:scoped_process_suspend.cc(40)] NtResumeProcess: An attempt was made to access an exiting process. (0xc000010a)
